============================================================
  Generated by:           Genus(TM) Synthesis Solution 17.22-s017_1
  Generated on:           Mar 16 2019  09:37:54 pm
  Module:                 rv32i_core
  Technology libraries:   fast_vdd1v0 1.0
                          slow_vdd1v0 1.0
  Operating conditions:   PVT_1P1V_0C (balanced_tree)
  Wireload mode:          enclosed
  Area mode:              timing library
============================================================

                                    Leakage  
   Gate     Instances     Area    Power (nW)     Library    
------------------------------------------------------------
AND2X1           1029    1407.672     83.857    fast_vdd1v0 
AND2X2              9      15.390      1.105    fast_vdd1v0 
AND2X4             11      30.096      2.442    fast_vdd1v0 
AND2X6             16      60.192      5.654    fast_vdd1v0 
AND2X8             12      53.352      5.082    fast_vdd1v0 
AND2XL            451     616.968     34.298    fast_vdd1v0 
AND3X1              2       4.788      0.166    fast_vdd1v0 
AND3X2              1       2.736      0.116    fast_vdd1v0 
AND3X4              1       3.078      0.238    fast_vdd1v0 
AND3XL             63     129.276      4.896    fast_vdd1v0 
AND4X1             80     191.520     12.067    fast_vdd1v0 
AND4XL              3       7.182      0.343    fast_vdd1v0 
AO21X1              4       9.576      0.501    fast_vdd1v0 
AO21X2              1       2.736      0.153    fast_vdd1v0 
AO21X4              1       3.420      0.269    fast_vdd1v0 
AO21XL             16      38.304      1.728    fast_vdd1v0 
AO22X1             96     262.656     11.666    fast_vdd1v0 
AO22X2              2       6.156      0.310    fast_vdd1v0 
AO22X4              5      18.810      1.401    fast_vdd1v0 
AO22XL            118     322.848     13.676    fast_vdd1v0 
AOI211X1            3       7.182      0.395    fast_vdd1v0 
AOI211XL           37      75.924      4.197    fast_vdd1v0 
AOI21X1           102     174.420     11.088    fast_vdd1v0 
AOI21X2            12      32.832      2.374    fast_vdd1v0 
AOI21X4             3      15.390      1.377    fast_vdd1v0 
AOI21XL           141     241.110     10.811    fast_vdd1v0 
AOI221X1         4519   10818.486    795.021    fast_vdd1v0 
AOI221XL           10      34.200      1.242    fast_vdd1v0 
AOI222X1         4169   12832.182    748.015    fast_vdd1v0 
AOI22X1         10231   20994.012   1394.083    fast_vdd1v0 
AOI22X2             2       7.524      0.400    fast_vdd1v0 
AOI22XL         25442   52206.984   2329.520    fast_vdd1v0 
AOI2BB1X1          40      82.080      5.478    fast_vdd1v0 
AOI2BB1X2           4      12.312      0.899    fast_vdd1v0 
AOI2BB1XL          76     155.952      9.095    fast_vdd1v0 
AOI2BB2X1           3      10.260      0.588    fast_vdd1v0 
AOI31X1            58     119.016      6.343    fast_vdd1v0 
AOI31XL             2       5.472      0.165    fast_vdd1v0 
AOI32X1             3       7.182      0.491    fast_vdd1v0 
AOI33XL             1       2.394      0.090    fast_vdd1v0 
BUFX12             10      51.300      5.950    fast_vdd1v0 
BUFX16             27     184.680     21.940    fast_vdd1v0 
BUFX2              89     152.190     10.334    fast_vdd1v0 
BUFX20              2      16.416      1.940    fast_vdd1v0 
BUFX3            4851    9954.252    828.169    fast_vdd1v0 
BUFX4               3       7.182      0.654    fast_vdd1v0 
BUFX6              62     190.836     20.855    fast_vdd1v0 
BUFX8              21      79.002      8.552    fast_vdd1v0 
CLKAND2X12          4      30.096      2.866    fast_vdd1v0 
CLKAND2X2           9      18.468      1.341    fast_vdd1v0 
CLKAND2X3           6      18.468      1.294    fast_vdd1v0 
CLKAND2X4           1       3.420      0.226    fast_vdd1v0 
CLKAND2X6           5      23.940      1.858    fast_vdd1v0 
CLKAND2X8           1       5.814      0.448    fast_vdd1v0 
CLKBUFX16           1       6.840      0.759    fast_vdd1v0 
CLKBUFX2          272     465.120     33.038    fast_vdd1v0 
CLKBUFX20           1       8.208      0.952    fast_vdd1v0 
CLKBUFX8            1       3.762      0.381    fast_vdd1v0 
CLKINVX1          643     659.718     27.870    fast_vdd1v0 
CLKINVX12          35     143.640     16.756    fast_vdd1v0 
CLKINVX16          11      60.192      7.063    fast_vdd1v0 
CLKINVX2          453     619.704     37.302    fast_vdd1v0 
CLKINVX20           9      58.482      6.993    fast_vdd1v0 
CLKINVX3         1432    2448.720    174.136    fast_vdd1v0 
CLKINVX4          298     509.580     51.899    fast_vdd1v0 
CLKINVX6          287     687.078     72.780    fast_vdd1v0 
CLKINVX8          179     550.962     59.535    fast_vdd1v0 
CLKMX2X3            3      12.312      0.829    fast_vdd1v0 
CLKXOR2X1           1       2.736      0.183    fast_vdd1v0 
CLKXOR2X2           1       3.420      0.215    fast_vdd1v0 
DFFHQX1          8192   44826.624   2808.146    fast_vdd1v0 
DFFRHQX1          183    1126.548     68.795    fast_vdd1v0 
DFFRHQX2            4      31.464      1.638    fast_vdd1v0 
DFFRHQX4            5      47.880      2.657    fast_vdd1v0 
DFFRX1             99     677.160     39.081    fast_vdd1v0 
DFFRX2              7      52.668      3.408    fast_vdd1v0 
DFFRX4              8      76.608      5.735    fast_vdd1v0 
DFFRXL             91     778.050     33.623    fast_vdd1v0 
DFFSHQX1           15      97.470      5.753    fast_vdd1v0 
DFFSXL             16     136.800      5.993    fast_vdd1v0 
INVX1            2924    2000.016    122.416    fast_vdd1v0 
INVX2             333     341.658     25.130    fast_vdd1v0 
INVX3              33      45.144      4.212    fast_vdd1v0 
INVX6               4       9.576      0.999    fast_vdd1v0 
INVX8               1       3.078      0.283    fast_vdd1v0 
INVXL            8467    5791.428    273.733    fast_vdd1v0 
MX2X1               1       2.394      0.145    fast_vdd1v0 
MX2XL              34      81.396      4.692    fast_vdd1v0 
MXI2X1              3       8.208      0.460    fast_vdd1v0 
MXI2XL             51     122.094      6.221    fast_vdd1v0 
NAND2BX1          848    1160.064     84.139    fast_vdd1v0 
NAND2BX2            7      16.758      1.251    fast_vdd1v0 
NAND2BX4            2       7.524      0.666    fast_vdd1v0 
NAND2BXL          276     377.568     23.535    fast_vdd1v0 
NAND2X1          2839    2912.814    207.623    fast_vdd1v0 
NAND2X2            90     153.900     12.319    fast_vdd1v0 
NAND2X4            11      34.610      2.897    fast_vdd1v0 
NAND2X6             5      22.828      1.878    fast_vdd1v0 
NAND2X8             1       5.250      0.359    fast_vdd1v0 
NAND2XL          2511    2576.286    113.032    fast_vdd1v0 
NAND3BX1           38      77.976      4.961    fast_vdd1v0 
NAND3BX2            1       3.078      0.167    fast_vdd1v0 
NAND3BXL          524     896.040     48.159    fast_vdd1v0 
NAND3X1           145     247.950     11.912    fast_vdd1v0 
NAND3X2             3       8.208      0.615    fast_vdd1v0 
NAND3XL           131     224.010      8.888    fast_vdd1v0 
NAND4BBX1          54     184.680      7.357    fast_vdd1v0 
NAND4BBX2           3      16.416      0.481    fast_vdd1v0 
NAND4BBXL           7      21.546      0.842    fast_vdd1v0 
NAND4BX1          129     308.826     10.245    fast_vdd1v0 
NAND4BXL            2       4.788      0.242    fast_vdd1v0 
NAND4X1             4       8.208      0.376    fast_vdd1v0 
NAND4XL          8849   15131.790    799.130    fast_vdd1v0 
NOR2BX1           948    1296.864     95.446    fast_vdd1v0 
NOR2BX2             9      24.624      1.317    fast_vdd1v0 
NOR2BX4             1       3.762      0.272    fast_vdd1v0 
NOR2BXL           138     235.980     10.071    fast_vdd1v0 
NOR2X1           1920    1969.920    114.758    fast_vdd1v0 
NOR2X2             82     140.220     11.884    fast_vdd1v0 
NOR2X4             11      33.858      2.868    fast_vdd1v0 
NOR2X6              4      16.416      1.401    fast_vdd1v0 
NOR2X8              4      21.888      1.816    fast_vdd1v0 
NOR2XL           1726    1770.876     73.534    fast_vdd1v0 
NOR3BX1           130     266.760     14.078    fast_vdd1v0 
NOR3BX2             1       3.420      0.323    fast_vdd1v0 
NOR3BXL            19      38.988      1.901    fast_vdd1v0 
NOR3X1             87     148.770      7.226    fast_vdd1v0 
NOR3XL             35      59.850      1.312    fast_vdd1v0 
NOR4BBX1           45     123.120     12.055    fast_vdd1v0 
NOR4BX1           116     277.704     28.290    fast_vdd1v0 
NOR4X1           1129    1930.590    244.941    fast_vdd1v0 
NOR4XL              1       2.052      0.147    fast_vdd1v0 
OA21X1             62     127.224      7.027    fast_vdd1v0 
OA22X1            752    1800.288     92.181    fast_vdd1v0 
OAI211X1         2080    3556.800    245.666    fast_vdd1v0 
OAI211X2            1       4.104      0.250    fast_vdd1v0 
OAI211XL            6      12.312      0.458    fast_vdd1v0 
OAI21X1          1406    2404.260    138.470    fast_vdd1v0 
OAI21X2            15      46.170      2.830    fast_vdd1v0 
OAI21X4             2       9.576      0.711    fast_vdd1v0 
OAI21XL          1063    1817.730     67.033    fast_vdd1v0 
OAI221X1         3430    8211.420    497.693    fast_vdd1v0 
OAI221X2            1       4.788      0.303    fast_vdd1v0 
OAI221XL            4      12.312      0.376    fast_vdd1v0 
OAI222X1          111     303.696     16.797    fast_vdd1v0 
OAI222XL          702    1920.672     70.004    fast_vdd1v0 
OAI22X1          2449    5025.348    281.601    fast_vdd1v0 
OAI22XL          1394    2860.488     94.416    fast_vdd1v0 
OAI2BB1X1        1994    3409.740    239.559    fast_vdd1v0 
OAI2BB1X2           2       6.156      0.387    fast_vdd1v0 
OAI2BB1XL          68     139.536      6.403    fast_vdd1v0 
OAI2BB2X1           1       4.104      0.154    fast_vdd1v0 
OAI2BB2XL          12      45.144      1.574    fast_vdd1v0 
OAI31X1            59     121.068      8.267    fast_vdd1v0 
OAI31X4             1       6.840      0.550    fast_vdd1v0 
OAI31XL             2       4.788      0.129    fast_vdd1v0 
OAI32X1            10      23.940      1.306    fast_vdd1v0 
OAI33X1             1       2.736      0.185    fast_vdd1v0 
OR2X1            1021    1396.728     91.714    fast_vdd1v0 
OR2X2              65     111.150      8.623    fast_vdd1v0 
OR2X4              23      62.928      5.794    fast_vdd1v0 
OR2X6              16      60.192      6.499    fast_vdd1v0 
OR2XL             487     666.216     40.412    fast_vdd1v0 
OR3X1             182     373.464     19.738    fast_vdd1v0 
OR3X2               1       2.394      0.199    fast_vdd1v0 
OR3XL              36      73.872      3.144    fast_vdd1v0 
OR4X1             275     564.300     29.351    fast_vdd1v0 
OR4X4               1       3.762      0.225    fast_vdd1v0 
SDFFQX1           992    7463.808    368.644    fast_vdd1v0 
SDFFRHQX1       33752  277036.416  16868.774    fast_vdd1v0 
XNOR2X1            85     203.490     15.555    fast_vdd1v0 
XNOR2XL             1       2.736      0.196    fast_vdd1v0 
XOR2XL             32      87.552      5.389    fast_vdd1v0 
------------------------------------------------------------
total          151451  527011.501  31515.175                


                                             Leakage  Leakage 
     Type      Instances    Area    Area % Power (nW) Power % 
--------------------------------------------------------------
sequential         43364 332351.496   63.1  20212.246    64.1 
inverter           15109  13928.976    2.6    881.106     2.8 
buffer              5340  11119.788    2.1    933.523     3.0 
logic              87638 169611.241   32.2   9488.300    30.1 
physical_cells         0      0.000    0.0      0.000     0.0 
--------------------------------------------------------------
total             151451 527011.501  100.0  31515.175   100.0 

