============================================================
  Generated by:           Genus(TM) Synthesis Solution 17.22-s017_1
  Generated on:           Feb 16 2019  07:56:02 am
  Module:                 rv32i_core
  Technology libraries:   fast_vdd1v0 1.0
                          slow_vdd1v0 1.0
  Operating conditions:   PVT_1P1V_0C (balanced_tree)
  Wireload mode:          enclosed
  Area mode:              timing library
============================================================

                                    Leakage  
   Gate     Instances     Area    Power (nW)     Library    
------------------------------------------------------------
AND2X1           1035    1415.880     84.341    fast_vdd1v0 
AND2X2             10      17.100      1.220    fast_vdd1v0 
AND2X4             10      27.360      2.186    fast_vdd1v0 
AND2X6             17      63.954      6.003    fast_vdd1v0 
AND2X8             17      75.582      7.272    fast_vdd1v0 
AND2XL            443     606.024     33.872    fast_vdd1v0 
AND3X1              2       4.788      0.166    fast_vdd1v0 
AND3X2              1       2.736      0.117    fast_vdd1v0 
AND3X4              1       3.078      0.238    fast_vdd1v0 
AND3XL             63     129.276      4.884    fast_vdd1v0 
AND4X1             80     191.520     12.067    fast_vdd1v0 
AND4XL              3       7.182      0.342    fast_vdd1v0 
AO21X1              3       7.182      0.385    fast_vdd1v0 
AO21X2              2       5.472      0.306    fast_vdd1v0 
AO21XL             20      47.880      2.166    fast_vdd1v0 
AO22X1             93     254.448     11.314    fast_vdd1v0 
AO22X4              5      18.810      1.389    fast_vdd1v0 
AO22XL            124     339.264     14.373    fast_vdd1v0 
AOI211X1            2       4.788      0.360    fast_vdd1v0 
AOI211X2            1       3.420      0.142    fast_vdd1v0 
AOI211XL           36      73.872      4.067    fast_vdd1v0 
AOI21X1           107     182.970     11.657    fast_vdd1v0 
AOI21X2            17      46.512      3.461    fast_vdd1v0 
AOI21X4             5      25.650      2.211    fast_vdd1v0 
AOI21XL           145     247.950     11.384    fast_vdd1v0 
AOI221X1         4521   10823.274    795.460    fast_vdd1v0 
AOI221X2            1       4.446      0.388    fast_vdd1v0 
AOI221XL            7      23.940      0.852    fast_vdd1v0 
AOI222X1         4169   12832.182    747.813    fast_vdd1v0 
AOI222XL            3      10.260      0.414    fast_vdd1v0 
AOI22X1         10237   21006.324   1394.384    fast_vdd1v0 
AOI22X2             1       3.762      0.220    fast_vdd1v0 
AOI22XL         25446   52215.192   2329.450    fast_vdd1v0 
AOI2BB1X1          25      51.300      3.355    fast_vdd1v0 
AOI2BB1X2           6      18.468      1.332    fast_vdd1v0 
AOI2BB1XL          69     141.588      8.251    fast_vdd1v0 
AOI2BB2X1           1       3.420      0.195    fast_vdd1v0 
AOI31X1            56     114.912      6.157    fast_vdd1v0 
AOI31XL             3       8.208      0.226    fast_vdd1v0 
AOI32X1             3       7.182      0.492    fast_vdd1v0 
AOI33XL             1       2.394      0.090    fast_vdd1v0 
BUFX12             10      51.300      6.012    fast_vdd1v0 
BUFX16             11      75.240      8.856    fast_vdd1v0 
BUFX2              92     157.320     10.689    fast_vdd1v0 
BUFX20              2      16.416      1.901    fast_vdd1v0 
BUFX3             126     258.552     20.775    fast_vdd1v0 
BUFX4               2       4.788      0.428    fast_vdd1v0 
BUFX6              17      52.326      5.430    fast_vdd1v0 
BUFX8               1       3.762      0.436    fast_vdd1v0 
CLKAND2X12          3      22.572      2.217    fast_vdd1v0 
CLKAND2X2           6      12.312      0.903    fast_vdd1v0 
CLKAND2X3           8      24.624      1.888    fast_vdd1v0 
CLKAND2X6           4      19.152      1.397    fast_vdd1v0 
CLKAND2X8           2      11.628      0.929    fast_vdd1v0 
CLKBUFX2           21      35.910      2.537    fast_vdd1v0 
CLKBUFX20           1       8.208      0.985    fast_vdd1v0 
CLKINVX1           15      15.390      0.733    fast_vdd1v0 
CLKINVX12          23      94.392     11.240    fast_vdd1v0 
CLKINVX16           8      43.776      4.687    fast_vdd1v0 
CLKINVX2           31      42.408      2.589    fast_vdd1v0 
CLKINVX20           7      45.486      5.652    fast_vdd1v0 
CLKINVX3           23      39.330      2.883    fast_vdd1v0 
CLKINVX4           73     124.830     12.339    fast_vdd1v0 
CLKINVX6           45     107.730     11.040    fast_vdd1v0 
CLKINVX8          155     477.090     51.374    fast_vdd1v0 
CLKMX2X3            3      12.312      0.830    fast_vdd1v0 
CLKXOR2X1           1       2.736      0.183    fast_vdd1v0 
CLKXOR2X2           1       3.420      0.214    fast_vdd1v0 
DFFHQX1          8192   44826.624   2808.146    fast_vdd1v0 
DFFRHQX1          144     886.464     54.100    fast_vdd1v0 
DFFRHQX2            7      55.062      2.866    fast_vdd1v0 
DFFRHQX4            7      67.032      3.721    fast_vdd1v0 
DFFRX1             24     164.160      9.457    fast_vdd1v0 
DFFRX2              9      67.716      4.396    fast_vdd1v0 
DFFRX4             14     134.064     10.026    fast_vdd1v0 
DFFRXL            192    1641.600     70.947    fast_vdd1v0 
DFFSHQX1           25     162.450      9.547    fast_vdd1v0 
DFFSX1              6      45.144      2.396    fast_vdd1v0 
INVX1            2791    1909.044    117.570    fast_vdd1v0 
INVX2             458     469.908     33.933    fast_vdd1v0 
INVX3              30      41.040      3.688    fast_vdd1v0 
INVX4               1       1.710      0.141    fast_vdd1v0 
INVX6               4       9.576      0.925    fast_vdd1v0 
INVX8               1       3.078      0.284    fast_vdd1v0 
INVXL            2651    1813.284     87.557    fast_vdd1v0 
MX2X1               3       7.182      0.452    fast_vdd1v0 
MX2XL              33      79.002      4.559    fast_vdd1v0 
MXI2X1              3       8.208      0.461    fast_vdd1v0 
MXI2XL             49     117.306      6.018    fast_vdd1v0 
NAND2BX1          841    1150.488     83.519    fast_vdd1v0 
NAND2BX2           13      31.122      2.293    fast_vdd1v0 
NAND2BX4            1       3.762      0.330    fast_vdd1v0 
NAND2BXL          272     372.096     23.344    fast_vdd1v0 
NAND2X1          2827    2900.502    206.584    fast_vdd1v0 
NAND2X2            93     159.030     12.663    fast_vdd1v0 
NAND2X4             9      28.318      2.369    fast_vdd1v0 
NAND2X6             5      22.828      2.053    fast_vdd1v0 
NAND2X8             1       5.250      0.564    fast_vdd1v0 
NAND2XL          2533    2598.858    114.254    fast_vdd1v0 
NAND3BX1           68     139.536      8.359    fast_vdd1v0 
NAND3BX2            1       3.078      0.167    fast_vdd1v0 
NAND3BXL          494     844.740     45.739    fast_vdd1v0 
NAND3X1           145     247.950     11.936    fast_vdd1v0 
NAND3X2             1       2.736      0.205    fast_vdd1v0 
NAND3X4             1       4.788      0.350    fast_vdd1v0 
NAND3XL           162     277.020     11.097    fast_vdd1v0 
NAND4BBX1          59     201.780      8.063    fast_vdd1v0 
NAND4BBX2           3      16.416      0.481    fast_vdd1v0 
NAND4BBXL           2       6.156      0.239    fast_vdd1v0 
NAND4BX1          129     308.826     10.244    fast_vdd1v0 
NAND4X1            13      26.676      1.518    fast_vdd1v0 
NAND4XL          8809   15063.390    795.659    fast_vdd1v0 
NOR2BX1           945    1292.760     94.967    fast_vdd1v0 
NOR2BX2            13      35.568      1.821    fast_vdd1v0 
NOR2BX4             3      11.286      0.770    fast_vdd1v0 
NOR2BXL           156     266.760     11.525    fast_vdd1v0 
NOR2X1           1933    1983.258    115.746    fast_vdd1v0 
NOR2X2             92     157.320     14.491    fast_vdd1v0 
NOR2X4             15      46.170      4.325    fast_vdd1v0 
NOR2X6              8      32.832      2.823    fast_vdd1v0 
NOR2X8              2      10.944      0.843    fast_vdd1v0 
NOR2XL           1734    1779.084     72.733    fast_vdd1v0 
NOR3BX1           129     264.708     13.742    fast_vdd1v0 
NOR3BX2             1       3.420      0.313    fast_vdd1v0 
NOR3BX4             2      11.628      0.892    fast_vdd1v0 
NOR3BXL            12      24.624      1.270    fast_vdd1v0 
NOR3X1             83     141.930      6.720    fast_vdd1v0 
NOR3X2              2       5.472      0.367    fast_vdd1v0 
NOR3XL             37      63.270      1.697    fast_vdd1v0 
NOR4BBX1           45     123.120     12.066    fast_vdd1v0 
NOR4BX1           115     275.310     28.146    fast_vdd1v0 
NOR4X1           1130    1932.300    245.131    fast_vdd1v0 
NOR4XL              1       2.052      0.165    fast_vdd1v0 
OA21X1             65     133.380      7.372    fast_vdd1v0 
OA21XL              2       5.472      0.200    fast_vdd1v0 
OA22X1            753    1802.682     92.286    fast_vdd1v0 
OAI211X1         2078    3553.380    245.387    fast_vdd1v0 
OAI211XL            8      16.416      0.615    fast_vdd1v0 
OAI21X1          1407    2405.970    138.729    fast_vdd1v0 
OAI21X2            15      46.170      2.637    fast_vdd1v0 
OAI21X4             3      14.364      1.214    fast_vdd1v0 
OAI21XL          1067    1824.570     67.296    fast_vdd1v0 
OAI221X1         3424    8197.056    496.751    fast_vdd1v0 
OAI221X2            2       9.576      0.588    fast_vdd1v0 
OAI221XL            9      27.702      0.819    fast_vdd1v0 
OAI222X1          111     303.696     16.795    fast_vdd1v0 
OAI222XL          702    1920.672     69.972    fast_vdd1v0 
OAI22X1          2449    5025.348    281.439    fast_vdd1v0 
OAI22XL          1390    2852.280     94.129    fast_vdd1v0 
OAI2BB1X1        1992    3406.320    239.273    fast_vdd1v0 
OAI2BB1X2           4      12.312      0.771    fast_vdd1v0 
OAI2BB1X4           1       4.446      0.335    fast_vdd1v0 
OAI2BB1XL          41      84.132      3.837    fast_vdd1v0 
OAI2BB2X1           5      20.520      0.938    fast_vdd1v0 
OAI2BB2XL           8      30.096      1.037    fast_vdd1v0 
OAI31X1            57     116.964      7.979    fast_vdd1v0 
OAI31X2             2       7.524      0.571    fast_vdd1v0 
OAI31XL             3       7.182      0.208    fast_vdd1v0 
OAI32X1            10      23.940      1.306    fast_vdd1v0 
OAI33X1             1       2.736      0.187    fast_vdd1v0 
OR2X1            1015    1388.520     91.165    fast_vdd1v0 
OR2X2              75     128.250      9.973    fast_vdd1v0 
OR2X4              20      54.720      5.035    fast_vdd1v0 
OR2X6              18      67.716      7.299    fast_vdd1v0 
OR2XL             458     626.544     37.929    fast_vdd1v0 
OR3X1             183     375.516     19.902    fast_vdd1v0 
OR3XL              35      71.820      3.042    fast_vdd1v0 
OR4X1             276     566.352     29.407    fast_vdd1v0 
OR4X4               1       3.762      0.225    fast_vdd1v0 
SDFFQX1           992    7463.808    368.655    fast_vdd1v0 
SDFFRHQX1       33751  277028.208  16869.315    fast_vdd1v0 
SDFFRXL             1      10.260      0.448    fast_vdd1v0 
XNOR2X1            87     208.278     15.958    fast_vdd1v0 
XNOR2XL             2       5.472      0.386    fast_vdd1v0 
XOR2XL             31      84.816      5.218    fast_vdd1v0 
------------------------------------------------------------
total          137620  508160.324  30114.547                


                                             Leakage  Leakage 
     Type      Instances    Area    Area % Power (nW) Power % 
--------------------------------------------------------------
sequential         43364 332552.592   65.4  20214.017    67.1 
inverter            6316   5238.072    1.0    346.636     1.2 
buffer               283    663.822    0.1     58.050     0.2 
logic              87657 169705.838   33.4   9495.843    31.5 
physical_cells         0      0.000    0.0      0.000     0.0 
--------------------------------------------------------------
total             137620 508160.324  100.0  30114.547   100.0 

