============================================================
  Generated by:           Genus(TM) Synthesis Solution 17.22-s017_1
  Generated on:           Feb 16 2019  07:55:45 am
  Module:                 rv32i_core
  Technology libraries:   fast_vdd1v0 1.0
                          slow_vdd1v0 1.0
  Operating conditions:   PVT_1P1V_0C (balanced_tree)
  Wireload mode:          enclosed
  Area mode:              timing library
============================================================

Timing
--------

Clock Period 
-------------
clk    833.0 
vclk   833.0 


  Cost    Critical             Violating 
 Group   Path Slack    TNS       Paths   
-----------------------------------------
clk           -38.6   -2100.2        180 
default    No paths       0.0            
vclk          177.3       0.0          0 
-----------------------------------------
Total                 -2100.2        180 

Instance Count
--------------
Leaf Instance Count             137620 
Physical Instance count              0 
Sequential Instance Count        43364 
Combinational Instance Count     94256 
Hierarchical Instance Count          3 

Area
----
Cell Area                          508160.324
Physical Cell Area                 0.000
Total Cell Area (Cell+Physical)    508160.324
Net Area                           0.000
Total Area (Cell+Physical+Net)     508160.324

Runtime                            2105.126449 seconds
Elapsed Runtime                    4821 seconds
Genus peak memory usage            1731.49 
Innovus peak memory usage          no_value 
Hostname                           compute-srv2.eda.atme.in
