============================================================
  Generated by:           Genus(TM) Synthesis Solution 17.22-s017_1
  Generated on:           Mar 16 2019  09:37:34 pm
  Module:                 rv32i_core
  Technology libraries:   fast_vdd1v0 1.0
                          slow_vdd1v0 1.0
  Operating conditions:   PVT_1P1V_0C (balanced_tree)
  Wireload mode:          enclosed
  Area mode:              timing library
============================================================

Timing
--------

Clock Period 
-------------
clk    833.0 
vclk   833.0 


  Cost    Critical             Violating 
 Group   Path Slack    TNS       Paths   
-----------------------------------------
clk           -22.1   -1062.1         70 
default    No paths       0.0            
vclk          174.5       0.0          0 
-----------------------------------------
Total                 -1062.1         70 

Instance Count
--------------
Leaf Instance Count             151451 
Physical Instance count              0 
Sequential Instance Count        43364 
Combinational Instance Count    108087 
Hierarchical Instance Count          3 

Area
----
Cell Area                          527011.501
Physical Cell Area                 0.000
Total Cell Area (Cell+Physical)    527011.501
Net Area                           0.000
Total Area (Cell+Physical+Net)     527011.501

Runtime                            2432.19483 seconds
Elapsed Runtime                    5831 seconds
Genus peak memory usage            1747.94 
Innovus peak memory usage          no_value 
Hostname                           compute-srv2.eda.atme.in
